TN:
SF:src/code/coleccion.ts
FN:15,<instance_members_initializer>
FN:22,Coleccion
FN:30,get dirbase
FN:37,añadirCarta
FN:79,modificarCarta
FN:111,eliminarCarta
FN:128,listarCartas
FN:164,mostrarCarta
FNF:8
FNH:8
FNDA:1,<instance_members_initializer>
FNDA:1,Coleccion
FNDA:48,get dirbase
FNDA:11,añadirCarta
FNDA:11,modificarCarta
FNDA:4,eliminarCarta
FNDA:2,listarCartas
FNDA:4,mostrarCarta
DA:1,1
DA:2,1
DA:3,1
DA:4,1
DA:5,1
DA:6,1
DA:7,1
DA:8,1
DA:9,1
DA:10,1
DA:11,1
DA:12,1
DA:13,1
DA:14,1
DA:15,1
DA:16,1
DA:17,1
DA:18,1
DA:19,1
DA:20,1
DA:21,1
DA:22,1
DA:23,1
DA:24,1
DA:25,1
DA:26,1
DA:27,1
DA:28,1
DA:29,1
DA:30,1
DA:31,1
DA:32,1
DA:33,1
DA:34,1
DA:35,1
DA:36,1
DA:37,1
DA:38,11
DA:39,11
DA:40,1
DA:41,1
DA:42,11
DA:43,11
DA:44,11
DA:45,1
DA:46,1
DA:47,1
DA:48,10
DA:49,10
DA:50,11
DA:51,1
DA:52,1
DA:53,11
DA:54,11
DA:55,1
DA:56,1
DA:57,1
DA:58,8
DA:59,8
DA:60,11
DA:61,1
DA:62,1
DA:63,1
DA:64,11
DA:65,1
DA:66,1
DA:67,1
DA:68,6
DA:69,6
DA:70,6
DA:71,6
DA:72,1
DA:73,1
DA:74,1
DA:75,1
DA:76,1
DA:77,1
DA:78,1
DA:79,1
DA:80,11
DA:81,11
DA:82,11
DA:83,11
DA:84,1
DA:85,1
DA:86,1
DA:87,10
DA:88,10
DA:89,10
DA:90,10
DA:91,11
DA:92,11
DA:93,11
DA:94,11
DA:95,11
DA:96,11
DA:97,11
DA:98,11
DA:99,11
DA:100,11
DA:101,10
DA:102,10
DA:103,10
DA:104,10
DA:105,1
DA:106,1
DA:107,1
DA:108,1
DA:109,1
DA:110,1
DA:111,1
DA:112,4
DA:113,4
DA:114,4
DA:115,4
DA:116,1
DA:117,1
DA:118,1
DA:119,3
DA:120,3
DA:121,3
DA:122,3
DA:123,1
DA:124,1
DA:125,1
DA:126,1
DA:127,1
DA:128,1
DA:129,2
DA:130,2
DA:131,2
DA:132,1
DA:133,1
DA:134,1
DA:135,1
DA:136,1
DA:137,1
DA:138,3
DA:139,3
DA:140,3
DA:141,3
DA:142,1
DA:143,3
DA:144,1
DA:145,1
DA:146,1
DA:147,28
DA:148,140
DA:149,140
DA:150,28
DA:151,1
DA:152,1
DA:153,1
DA:154,1
DA:155,1
DA:156,1
DA:157,1
DA:158,1
DA:159,1
DA:160,1
DA:161,1
DA:162,1
DA:163,1
DA:164,1
DA:165,4
DA:166,4
DA:167,4
DA:168,4
DA:169,1
DA:170,1
DA:171,1
DA:172,3
DA:173,3
DA:174,3
DA:175,4
DA:176,1
DA:177,4
DA:178,1
DA:179,1
DA:180,1
DA:181,28
DA:182,140
DA:183,140
DA:184,28
DA:185,1
DA:186,1
DA:187,1
DA:188,1
DA:189,1
DA:190,4
DA:191,1
LF:191
LH:191
BRDA:15,0,0,1
BRDA:22,1,0,1
BRDA:30,2,0,48
BRDA:37,3,0,11
BRDA:39,4,0,1
BRDA:44,5,0,1
BRDA:48,6,0,10
BRDA:50,7,0,3
BRDA:50,8,0,2
BRDA:50,9,0,1
BRDA:53,10,0,9
BRDA:54,11,0,7
BRDA:54,12,0,6
BRDA:54,13,0,1
BRDA:58,14,0,8
BRDA:60,15,0,3
BRDA:60,16,0,1
BRDA:64,17,0,7
BRDA:64,18,0,5
BRDA:64,19,0,1
BRDA:68,20,0,6
BRDA:79,21,0,11
BRDA:83,22,0,1
BRDA:87,23,0,10
BRDA:91,24,0,1
BRDA:92,25,0,10
BRDA:92,26,0,1
BRDA:93,27,0,10
BRDA:93,28,0,1
BRDA:94,29,0,10
BRDA:94,30,0,1
BRDA:95,31,0,10
BRDA:95,32,0,1
BRDA:96,33,0,10
BRDA:96,34,0,1
BRDA:97,35,0,10
BRDA:97,36,0,1
BRDA:98,37,0,10
BRDA:98,38,0,1
BRDA:99,39,0,10
BRDA:99,40,0,1
BRDA:100,41,0,10
BRDA:100,42,0,1
BRDA:101,43,0,10
BRDA:111,44,0,4
BRDA:115,45,0,1
BRDA:119,46,0,3
BRDA:128,47,0,2
BRDA:131,48,0,1
BRDA:137,49,0,3
BRDA:141,50,0,1
BRDA:143,51,0,2
BRDA:143,52,0,1
BRDA:146,53,0,28
BRDA:147,54,0,140
BRDA:164,55,0,4
BRDA:168,56,0,1
BRDA:172,57,0,3
BRDA:175,58,0,1
BRDA:177,59,0,2
BRDA:177,60,0,1
BRDA:180,61,0,28
BRDA:181,62,0,140
BRF:63
BRH:63
end_of_record
TN:
SF:src/code/color.ts
FNF:0
FNH:0
DA:1,1
DA:2,1
DA:3,1
DA:4,1
DA:5,1
DA:6,1
DA:7,1
DA:8,1
DA:9,1
DA:10,1
DA:11,1
DA:12,1
LF:12
LH:12
BRDA:4,0,0,1
BRF:1
BRH:1
end_of_record
TN:
SF:src/code/rareza.ts
FNF:0
FNH:0
DA:1,1
DA:2,1
DA:3,1
DA:4,1
DA:5,1
DA:6,1
DA:7,1
DA:8,1
DA:9,1
LF:9
LH:9
BRDA:4,0,0,1
BRF:1
BRH:1
end_of_record
TN:
SF:src/code/tipo.ts
FNF:0
FNH:0
DA:1,1
DA:2,1
DA:3,1
DA:4,1
DA:5,1
DA:6,1
DA:7,1
DA:8,1
DA:9,1
DA:10,1
DA:11,1
DA:12,1
LF:12
LH:12
BRDA:4,0,0,1
BRF:1
BRH:1
end_of_record
